<?xml version="1.0" encoding="UTF-8"?>
<testng-results skipped="0" failed="0" ignored="0" total="4" passed="4">
  <reporter-output>
  </reporter-output>
  <suite name="search-module" duration-ms="29296" started-at="2021-04-12T09:43:38Z" finished-at="2021-04-12T09:44:07Z">
    <groups>
    </groups>
    <test name="search-test-java" duration-ms="11904" started-at="2021-04-12T09:43:38Z" finished-at="2021-04-12T09:43:50Z">
      <class name="com.searchmodule.tests.SearchTest">
        <test-method status="PASS" signature="setupDriver()[pri:0, instance:com.searchmodule.tests.SearchTest@45c8e616]" name="setupDriver" is-config="true" duration-ms="2925" started-at="2021-04-12T09:43:38Z" finished-at="2021-04-12T09:43:41Z">
          <reporter-output>
          </reporter-output>
        </test-method> <!-- setupDriver -->
        <test-method status="PASS" signature="search(java.lang.String)[pri:0, instance:com.searchmodule.tests.SearchTest@45c8e616]" name="search" duration-ms="8890" started-at="2021-04-12T09:43:41Z" finished-at="2021-04-12T09:43:50Z">
          <params>
            <param index="0">
              <value>
                <![CDATA[java]]>
              </value>
            </param>
          </params>
          <reporter-output>
          </reporter-output>
        </test-method> <!-- search -->
        <test-method status="PASS" signature="quitDriver()[pri:0, instance:com.searchmodule.tests.SearchTest@45c8e616]" name="quitDriver" is-config="true" duration-ms="70" started-at="2021-04-12T09:43:50Z" finished-at="2021-04-12T09:43:50Z">
          <reporter-output>
          </reporter-output>
        </test-method> <!-- quitDriver -->
      </class> <!-- com.searchmodule.tests.SearchTest -->
    </test> <!-- search-test-java -->
    <test name="search-test-qa" duration-ms="5619" started-at="2021-04-12T09:43:50Z" finished-at="2021-04-12T09:43:55Z">
      <class name="com.searchmodule.tests.SearchTest">
        <test-method status="PASS" signature="setupDriver()[pri:0, instance:com.searchmodule.tests.SearchTest@49e4cb85]" name="setupDriver" is-config="true" duration-ms="959" started-at="2021-04-12T09:43:50Z" finished-at="2021-04-12T09:43:51Z">
          <reporter-output>
          </reporter-output>
        </test-method> <!-- setupDriver -->
        <test-method status="PASS" signature="search(java.lang.String)[pri:0, instance:com.searchmodule.tests.SearchTest@49e4cb85]" name="search" duration-ms="4582" started-at="2021-04-12T09:43:51Z" finished-at="2021-04-12T09:43:55Z">
          <params>
            <param index="0">
              <value>
                <![CDATA[qa]]>
              </value>
            </param>
          </params>
          <reporter-output>
          </reporter-output>
        </test-method> <!-- search -->
        <test-method status="PASS" signature="quitDriver()[pri:0, instance:com.searchmodule.tests.SearchTest@49e4cb85]" name="quitDriver" is-config="true" duration-ms="76" started-at="2021-04-12T09:43:55Z" finished-at="2021-04-12T09:43:55Z">
          <reporter-output>
          </reporter-output>
        </test-method> <!-- quitDriver -->
      </class> <!-- com.searchmodule.tests.SearchTest -->
    </test> <!-- search-test-qa -->
    <test name="search-test-webdriver" duration-ms="5938" started-at="2021-04-12T09:43:55Z" finished-at="2021-04-12T09:44:01Z">
      <class name="com.searchmodule.tests.SearchTest">
        <test-method status="PASS" signature="setupDriver()[pri:0, instance:com.searchmodule.tests.SearchTest@3b6eb2ec]" name="setupDriver" is-config="true" duration-ms="941" started-at="2021-04-12T09:43:55Z" finished-at="2021-04-12T09:43:56Z">
          <reporter-output>
          </reporter-output>
        </test-method> <!-- setupDriver -->
        <test-method status="PASS" signature="search(java.lang.String)[pri:0, instance:com.searchmodule.tests.SearchTest@3b6eb2ec]" name="search" duration-ms="4917" started-at="2021-04-12T09:43:56Z" finished-at="2021-04-12T09:44:01Z">
          <params>
            <param index="0">
              <value>
                <![CDATA[webdriver]]>
              </value>
            </param>
          </params>
          <reporter-output>
          </reporter-output>
        </test-method> <!-- search -->
        <test-method status="PASS" signature="quitDriver()[pri:0, instance:com.searchmodule.tests.SearchTest@3b6eb2ec]" name="quitDriver" is-config="true" duration-ms="79" started-at="2021-04-12T09:44:01Z" finished-at="2021-04-12T09:44:01Z">
          <reporter-output>
          </reporter-output>
        </test-method> <!-- quitDriver -->
      </class> <!-- com.searchmodule.tests.SearchTest -->
    </test> <!-- search-test-webdriver -->
    <test name="search-test-protractor" duration-ms="5668" started-at="2021-04-12T09:44:01Z" finished-at="2021-04-12T09:44:07Z">
      <class name="com.searchmodule.tests.SearchTest">
        <test-method status="PASS" signature="setupDriver()[pri:0, instance:com.searchmodule.tests.SearchTest@880ec60]" name="setupDriver" is-config="true" duration-ms="928" started-at="2021-04-12T09:44:01Z" finished-at="2021-04-12T09:44:02Z">
          <reporter-output>
          </reporter-output>
        </test-method> <!-- setupDriver -->
        <test-method status="PASS" signature="search(java.lang.String)[pri:0, instance:com.searchmodule.tests.SearchTest@880ec60]" name="search" duration-ms="4663" started-at="2021-04-12T09:44:02Z" finished-at="2021-04-12T09:44:07Z">
          <params>
            <param index="0">
              <value>
                <![CDATA[protractor]]>
              </value>
            </param>
          </params>
          <reporter-output>
          </reporter-output>
        </test-method> <!-- search -->
        <test-method status="PASS" signature="quitDriver()[pri:0, instance:com.searchmodule.tests.SearchTest@880ec60]" name="quitDriver" is-config="true" duration-ms="74" started-at="2021-04-12T09:44:07Z" finished-at="2021-04-12T09:44:07Z">
          <reporter-output>
          </reporter-output>
        </test-method> <!-- quitDriver -->
      </class> <!-- com.searchmodule.tests.SearchTest -->
    </test> <!-- search-test-protractor -->
  </suite> <!-- search-module -->
</testng-results>
